camera-library/build/intermediates/manifest_merge_blame_file/release/processReleaseManifest/manifest-merger-blame-release-report.txt
1<?xml version="1.0" encoding="utf-8"?>
2<manifest xmlns:android="http://schemas.android.com/apk/res/android"
3    xmlns:tools="http://schemas.android.com/tools"
4    package="com.lxd.camera.library" >
5
6    <uses-sdk android:minSdkVersion="21" />
7
8    <uses-feature
8-->src/main/AndroidManifest.xml:5:5-84
9        android:name="android.hardware.camera"
9-->src/main/AndroidManifest.xml:5:19-57
10        android:required="true" />
10-->src/main/AndroidManifest.xml:5:58-81
11
12    <uses-permission android:name="android.permission.CAMERA" />
12-->src/main/AndroidManifest.xml:6:5-65
12-->src/main/AndroidManifest.xml:6:22-62
13    <uses-permission android:name="android.permission.RECORD_AUDIO" />
13-->src/main/AndroidManifest.xml:7:5-71
13-->src/main/AndroidManifest.xml:7:22-68
14    <uses-permission android:name="android.permission.READ_EXTERNAL_STORAGE" />
14-->src/main/AndroidManifest.xml:8:5-80
14-->src/main/AndroidManifest.xml:8:22-77
15    <uses-permission android:name="android.permission.WRITE_EXTERNAL_STORAGE" />
15-->src/main/AndroidManifest.xml:9:5-81
15-->src/main/AndroidManifest.xml:9:22-78
16
17    <application
17-->src/main/AndroidManifest.xml:11:5-19:19
18        android:supportsRtl="true"
18-->src/main/AndroidManifest.xml:12:9-35
19        tools:targetApi="31" >
19-->src/main/AndroidManifest.xml:13:9-29
20        <activity
20-->src/main/AndroidManifest.xml:14:9-18:53
21            android:name="com.lxd.camera.library.CustomCameraActivity"
21-->src/main/AndroidManifest.xml:15:13-49
22            android:exported="true"
22-->src/main/AndroidManifest.xml:16:13-36
23            android:screenOrientation="landscape"
23-->src/main/AndroidManifest.xml:18:13-50
24            android:theme="@style/Theme.LxdCamera" />
24-->src/main/AndroidManifest.xml:17:13-51
25    </application>
26
27</manifest>